\BOOKMARK [0][-]{chapter.1}{\376\377\000C\000o\000n\000j\000u\000n\000t\000o\000s}{}% 1
\BOOKMARK [0][-]{chapter.2}{\376\377\000E\000s\000t\000a\000t\000\355\000s\000t\000i\000c\000a}{}% 2
\BOOKMARK [1][-]{section.2.1}{\376\377\000M\000e\000d\000i\000d\000a\000s\000\040\000d\000e\000\040\000T\000e\000n\000d\000\352\000n\000c\000i\000a\000\040\000C\000e\000n\000t\000r\000a\000l}{chapter.2}% 3
\BOOKMARK [1][-]{section.2.2}{\376\377\000M\000e\000d\000i\000d\000a\000s\000\040\000d\000e\000\040\000D\000i\000s\000p\000e\000r\000s\000\343\000o}{chapter.2}% 4
\BOOKMARK [0][-]{chapter.3}{\376\377\000F\000u\000n\000\347\000\343\000o\000\040\000A\000f\000i\000m}{}% 5
\BOOKMARK [0][-]{chapter.4}{\376\377\000G\000e\000o\000m\000e\000t\000r\000i\000a\000\040\000P\000l\000a\000n\000a}{}% 6
\BOOKMARK [1][-]{section.4.1}{\376\377\000T\000e\000o\000r\000e\000m\000a\000\040\000d\000e\000\040\000P\000i\000t\000\341\000g\000o\000r\000a\000s}{chapter.4}% 7
\BOOKMARK [0][-]{chapter.5}{\376\377\000M\000\341\000x\000i\000m\000o\000\040\000D\000i\000v\000i\000s\000o\000r\000\040\000C\000o\000m\000u\000m\000\040\000e\000\040\000M\000\355\000n\000i\000m\000o\000\040\000M\000\372\000l\000t\000i\000p\000l\000o\000\040\000C\000o\000m\000u\000m}{}% 8
\BOOKMARK [1][-]{section.5.1}{\376\377\000M\000\355\000n\000i\000m\000o\000\040\000M\000\372\000l\000t\000i\000p\000l\000o\000\040\000C\000o\000m\000u\000m}{chapter.5}% 9
\BOOKMARK [0][-]{chapter.6}{\376\377\000M\000a\000t\000e\000m\000\341\000t\000i\000c\000a\000\040\000F\000i\000n\000a\000n\000c\000e\000i\000r\000a}{}% 10
\BOOKMARK [1][-]{section.6.1}{\376\377\000J\000u\000r\000o\000s\000\040\000C\000o\000m\000p\000o\000s\000t\000o\000s}{chapter.6}% 11
\BOOKMARK [0][-]{chapter.7}{\376\377\000P\000o\000t\000e\000n\000c\000i\000a\000\347\000\343\000o\000\040\000e\000\040\000R\000a\000d\000i\000c\000i\000a\000\347\000\343\000o}{}% 12
\BOOKMARK [1][-]{section.7.1}{\376\377\000P\000o\000t\000e\000n\000c\000i\000a\000\347\000\343\000o}{chapter.7}% 13
\BOOKMARK [0][-]{chapter.8}{\376\377\000R\000a\000z\000\343\000o\000\040\000e\000\040\000P\000r\000o\000p\000o\000r\000\347\000\343\000o}{}% 14
\BOOKMARK [0][-]{chapter.9}{\376\377\000R\000e\000g\000r\000a\000\040\000d\000e\000\040\000T\000r\000\352\000s\000\040\000S\000i\000m\000p\000l\000e\000s\000\040\000e\000\040\000C\000o\000m\000p\000o\000s\000t\000a}{}% 15
\BOOKMARK [1][-]{section.9.1}{\376\377\000R\000e\000g\000r\000a\000\040\000d\000e\000\040\000T\000r\000\352\000s\000\040\000C\000o\000m\000p\000o\000s\000t\000a}{chapter.9}% 16
\BOOKMARK [0][-]{chapter.10}{\376\377\000R\000a\000c\000i\000o\000c\000\355\000n\000i\000o\000\040\000L\000\363\000g\000i\000c\000o}{}% 17
\BOOKMARK [0][-]{chapter.11}{\376\377\000S\000e\000q\000u\000\352\000n\000c\000i\000a\000s}{}% 18
\BOOKMARK [0][-]{chapter.12}{\376\377\000S\000i\000s\000t\000e\000m\000a\000s\000\040\000d\000e\000\040\000E\000q\000u\000a\000\347\000\365\000e\000s}{}% 19
\BOOKMARK [0][-]{chapter.13}{\376\377\000S\000i\000s\000t\000e\000m\000a\000s\000\040\000d\000e\000\040\000M\000e\000d\000i\000d\000a\000s}{}% 20
\BOOKMARK [1][-]{section.13.1}{\376\377\000M\000e\000d\000i\000d\000a\000s\000\040\000d\000e\000\040\000T\000e\000m\000p\000o}{chapter.13}% 21
\BOOKMARK [0][-]{chapter.14}{\376\377\000V\000e\000r\000d\000a\000d\000e\000s\000\040\000e\000\040\000M\000e\000n\000t\000i\000r\000a\000s}{}% 22
